<?xml version="1.0" encoding="UTF-8"?>
<!-- Generated by org.testng.reporters.JUnitReportReporter -->
<testsuite hostname="IN-9H42M63" failures="0" tests="1" name="com.estore.testcases.IndexPageTest" time="16.839" errors="0" timestamp="2022-06-12T16:23:43 IST" skipped="0">
  <testcase classname="com.estore.testcases.IndexPageTest" name="storeTitleTest" time="16.839"/>
  <system-out/>
</testsuite> <!-- com.estore.testcases.IndexPageTest -->
