<?xml version="1.0" encoding="UTF-8"?>
<!-- Generated by org.testng.reporters.JUnitReportReporter -->
<testsuite hostname="IN-9H42M63" failures="0" tests="3" name="com.estore.testcases.HomePageTest" time="15.943" errors="0" timestamp="2023-02-28T15:34:22 IST" skipped="0">
  <testcase classname="com.estore.testcases.HomePageTest" name="storeTitleTest" time="5.739"/>
  <system-out/>
  <testcase classname="com.estore.testcases.HomePageTest" name="allItemsLabelTest" time="5.675"/>
  <system-out/>
  <testcase classname="com.estore.testcases.HomePageTest" name="urlTest" time="4.529"/>
  <system-out/>
</testsuite> <!-- com.estore.testcases.HomePageTest -->
